<?xml version="1.0" encoding="UTF-8"?>
<testsuite name="fruitBowlTestNG.test.FruitTests" tests="1" skipped="0" failures="1" errors="0" timestamp="2023-02-08T10:44:19" hostname="TestVagrants-MacBook-Pro.local" time="0.026">
  <properties/>
  <testcase name="segregateFruitsByColor" classname="fruitBowlTestNG.test.FruitTests" time="0.026">
    <failure message="fruitBowlTestNG.exception.MoreThanThreeColorsException: You have given more than 3 colors of fruit" type="fruitBowlTestNG.exception.MoreThanThreeColorsException">fruitBowlTestNG.exception.MoreThanThreeColorsException: You have given more than 3 colors of fruit
	at app//fruitBowlTestNG.exception.ExceptionHandler.checkColorException(ExceptionHandler.java:5)
	at app//fruitBowlTestNG.test.FruitTests.segregateFruitsByColor(FruitTests.java:65)
	at java.base@11.0.17/jdk.internal.reflect.NativeMethodAccessorImpl.invoke0(Native Method)
	at java.base@11.0.17/jdk.internal.reflect.NativeMethodAccessorImpl.invoke(NativeMethodAccessorImpl.java:62)
	at java.base@11.0.17/jdk.internal.reflect.DelegatingMethodAccessorImpl.invoke(DelegatingMethodAccessorImpl.java:43)
	at java.base@11.0.17/java.lang.reflect.Method.invoke(Method.java:566)
	at app//org.testng.internal.MethodInvocationHelper.invokeMethod(MethodInvocationHelper.java:134)
	at app//org.testng.internal.TestInvoker.invokeMethod(TestInvoker.java:597)
	at app//org.testng.internal.TestInvoker.invokeTestMethod(TestInvoker.java:173)
	at app//org.testng.internal.MethodRunner.runInSequence(MethodRunner.java:46)
	at app//org.testng.internal.TestInvoker$MethodInvocationAgent.invoke(TestInvoker.java:816)
	at app//org.testng.internal.TestInvoker.invokeTestMethods(TestInvoker.java:146)
	at app//org.testng.internal.TestMethodWorker.invokeTestMethods(TestMethodWorker.java:146)
	at app//org.testng.internal.TestMethodWorker.run(TestMethodWorker.java:128)
	at java.base@11.0.17/java.util.ArrayList.forEach(ArrayList.java:1541)
	at app//org.testng.TestRunner.privateRun(TestRunner.java:766)
	at app//org.testng.TestRunner.run(TestRunner.java:587)
	at app//org.testng.SuiteRunner.runTest(SuiteRunner.java:384)
	at app//org.testng.SuiteRunner.runSequentially(SuiteRunner.java:378)
	at app//org.testng.SuiteRunner.privateRun(SuiteRunner.java:337)
	at app//org.testng.SuiteRunner.run(SuiteRunner.java:286)
	at app//org.testng.SuiteRunnerWorker.runSuite(SuiteRunnerWorker.java:53)
	at app//org.testng.SuiteRunnerWorker.run(SuiteRunnerWorker.java:96)
	at app//org.testng.TestNG.runSuitesSequentially(TestNG.java:1187)
	at app//org.testng.TestNG.runSuitesLocally(TestNG.java:1109)
	at app//org.testng.TestNG.runSuites(TestNG.java:1039)
	at app//org.testng.TestNG.run(TestNG.java:1007)
	at org.gradle.api.internal.tasks.testing.testng.TestNGTestClassProcessor.runTests(TestNGTestClassProcessor.java:146)
	at org.gradle.api.internal.tasks.testing.testng.TestNGTestClassProcessor.stop(TestNGTestClassProcessor.java:91)
	at org.gradle.api.internal.tasks.testing.SuiteTestClassProcessor.stop(SuiteTestClassProcessor.java:61)
	at java.base@11.0.17/jdk.internal.reflect.NativeMethodAccessorImpl.invoke0(Native Method)
	at java.base@11.0.17/jdk.internal.reflect.NativeMethodAccessorImpl.invoke(NativeMethodAccessorImpl.java:62)
	at java.base@11.0.17/jdk.internal.reflect.DelegatingMethodAccessorImpl.invoke(DelegatingMethodAccessorImpl.java:43)
	at java.base@11.0.17/java.lang.reflect.Method.invoke(Method.java:566)
	at org.gradle.internal.dispatch.ReflectionDispatch.dispatch(ReflectionDispatch.java:36)
	at org.gradle.internal.dispatch.ReflectionDispatch.dispatch(ReflectionDispatch.java:24)
	at org.gradle.internal.dispatch.ContextClassLoaderDispatch.dispatch(ContextClassLoaderDispatch.java:33)
	at org.gradle.internal.dispatch.ProxyDispatchAdapter$DispatchingInvocationHandler.invoke(ProxyDispatchAdapter.java:94)
	at com.sun.proxy.$Proxy2.stop(Unknown Source)
	at org.gradle.api.internal.tasks.testing.worker.TestWorker$3.run(TestWorker.java:193)
	at org.gradle.api.internal.tasks.testing.worker.TestWorker.executeAndMaintainThreadName(TestWorker.java:129)
	at org.gradle.api.internal.tasks.testing.worker.TestWorker.execute(TestWorker.java:100)
	at org.gradle.api.internal.tasks.testing.worker.TestWorker.execute(TestWorker.java:60)
	at org.gradle.process.internal.worker.child.ActionExecutionWorker.execute(ActionExecutionWorker.java:56)
	at org.gradle.process.internal.worker.child.SystemApplicationClassLoaderWorker.call(SystemApplicationClassLoaderWorker.java:133)
	at org.gradle.process.internal.worker.child.SystemApplicationClassLoaderWorker.call(SystemApplicationClassLoaderWorker.java:71)
	at app//worker.org.gradle.process.internal.worker.GradleWorkerMain.run(GradleWorkerMain.java:69)
	at app//worker.org.gradle.process.internal.worker.GradleWorkerMain.main(GradleWorkerMain.java:74)
</failure>
  </testcase>
  <system-out><![CDATA[[Apple, Grape, Mango, Pineapple, Watermelon, Orange, Lemon, Cherry, Kiwi, Papaya]

Red : [Apple, Cherry]
Purple : [Grape]
Yellow : [Mango, Pineapple, Lemon]
Orange : [Orange]
Green : [Watermelon, Kiwi, Papaya]

]]></system-out>
  <system-err><![CDATA[]]></system-err>
</testsuite>
